mode: set
github.com/GuyARoss/orbit/pkg/jsparse/parser.go:80.60,84.73 3 1
github.com/GuyARoss/orbit/pkg/jsparse/parser.go:88.2,88.47 1 1
github.com/GuyARoss/orbit/pkg/jsparse/parser.go:92.2,92.26 1 1
github.com/GuyARoss/orbit/pkg/jsparse/parser.go:84.73,86.3 1 1
github.com/GuyARoss/orbit/pkg/jsparse/parser.go:88.47,90.3 1 1
github.com/GuyARoss/orbit/pkg/jsparse/parser.go:96.64,100.24 3 1
github.com/GuyARoss/orbit/pkg/jsparse/parser.go:114.2,114.22 1 1
github.com/GuyARoss/orbit/pkg/jsparse/parser.go:100.24,101.29 1 1
github.com/GuyARoss/orbit/pkg/jsparse/parser.go:105.3,105.14 1 1
github.com/GuyARoss/orbit/pkg/jsparse/parser.go:109.3,109.32 1 1
github.com/GuyARoss/orbit/pkg/jsparse/parser.go:101.29,103.4 1 1
github.com/GuyARoss/orbit/pkg/jsparse/parser.go:105.14,107.4 1 1
github.com/GuyARoss/orbit/pkg/jsparse/parser.go:109.32,111.4 1 1
github.com/GuyARoss/orbit/pkg/jsparse/parser.go:120.46,125.20 2 1
github.com/GuyARoss/orbit/pkg/jsparse/parser.go:130.2,132.16 3 1
github.com/GuyARoss/orbit/pkg/jsparse/parser.go:135.2,135.18 1 1
github.com/GuyARoss/orbit/pkg/jsparse/parser.go:125.20,128.3 1 1
github.com/GuyARoss/orbit/pkg/jsparse/parser.go:132.16,134.3 1 1
github.com/GuyARoss/orbit/pkg/jsparse/parser.go:140.34,141.37 1 1
github.com/GuyARoss/orbit/pkg/jsparse/parser.go:152.2,152.23 1 1
github.com/GuyARoss/orbit/pkg/jsparse/parser.go:141.37,142.29 1 1
github.com/GuyARoss/orbit/pkg/jsparse/parser.go:146.3,146.29 1 1
github.com/GuyARoss/orbit/pkg/jsparse/parser.go:142.29,144.4 1 1
github.com/GuyARoss/orbit/pkg/jsparse/parser.go:146.29,148.4 1 1
github.com/GuyARoss/orbit/pkg/jsparse/parser.go:156.45,160.38 3 1
github.com/GuyARoss/orbit/pkg/jsparse/parser.go:164.2,164.25 1 1
github.com/GuyARoss/orbit/pkg/jsparse/parser.go:160.38,162.3 1 1
github.com/GuyARoss/orbit/pkg/jsparse/parser.go:168.44,170.2 1 0
github.com/GuyARoss/orbit/pkg/jsparse/parser.go:173.77,175.36 2 1
github.com/GuyARoss/orbit/pkg/jsparse/parser.go:183.2,185.20 3 1
github.com/GuyARoss/orbit/pkg/jsparse/parser.go:190.2,193.33 3 1
github.com/GuyARoss/orbit/pkg/jsparse/parser.go:201.2,202.36 2 1
github.com/GuyARoss/orbit/pkg/jsparse/parser.go:224.2,234.3 5 1
github.com/GuyARoss/orbit/pkg/jsparse/parser.go:175.36,181.3 1 1
github.com/GuyARoss/orbit/pkg/jsparse/parser.go:185.20,188.3 2 1
github.com/GuyARoss/orbit/pkg/jsparse/parser.go:193.33,194.48 1 1
github.com/GuyARoss/orbit/pkg/jsparse/parser.go:198.3,198.50 1 1
github.com/GuyARoss/orbit/pkg/jsparse/parser.go:194.48,195.12 1 0
github.com/GuyARoss/orbit/pkg/jsparse/parser.go:202.36,204.16 1 1
github.com/GuyARoss/orbit/pkg/jsparse/parser.go:217.3,217.33 1 1
github.com/GuyARoss/orbit/pkg/jsparse/parser.go:221.3,221.50 1 1
github.com/GuyARoss/orbit/pkg/jsparse/parser.go:204.16,207.29 2 1
github.com/GuyARoss/orbit/pkg/jsparse/parser.go:211.4,214.12 3 1
github.com/GuyARoss/orbit/pkg/jsparse/parser.go:207.29,209.5 1 1
github.com/GuyARoss/orbit/pkg/jsparse/parser.go:217.33,218.12 1 1
github.com/GuyARoss/orbit/pkg/jsparse/parser.go:238.61,239.45 1 1
github.com/GuyARoss/orbit/pkg/jsparse/parser.go:257.2,259.12 2 1
github.com/GuyARoss/orbit/pkg/jsparse/parser.go:239.45,240.47 1 1
github.com/GuyARoss/orbit/pkg/jsparse/parser.go:240.47,241.20 1 1
github.com/GuyARoss/orbit/pkg/jsparse/parser.go:242.21,244.15 2 1
github.com/GuyARoss/orbit/pkg/jsparse/parser.go:245.21,247.57 2 1
github.com/GuyARoss/orbit/pkg/jsparse/parser.go:251.5,252.15 2 1
github.com/GuyARoss/orbit/pkg/jsparse/parser.go:247.57,249.6 1 0
github.com/GuyARoss/orbit/pkg/jsparse/parser.go:262.57,264.32 2 0
github.com/GuyARoss/orbit/pkg/jsparse/parser.go:268.2,268.34 1 0
github.com/GuyARoss/orbit/pkg/jsparse/parser.go:272.2,273.16 2 0
github.com/GuyARoss/orbit/pkg/jsparse/parser.go:277.2,280.16 3 0
github.com/GuyARoss/orbit/pkg/jsparse/parser.go:283.2,284.16 2 0
github.com/GuyARoss/orbit/pkg/jsparse/parser.go:288.2,288.12 1 0
github.com/GuyARoss/orbit/pkg/jsparse/parser.go:264.32,266.3 1 0
github.com/GuyARoss/orbit/pkg/jsparse/parser.go:268.34,270.3 1 0
github.com/GuyARoss/orbit/pkg/jsparse/parser.go:273.16,275.3 1 0
github.com/GuyARoss/orbit/pkg/jsparse/parser.go:280.16,282.3 1 0
github.com/GuyARoss/orbit/pkg/jsparse/parser.go:284.16,286.3 1 0
github.com/GuyARoss/orbit/pkg/jsparse/parser.go:291.45,296.65 2 1
github.com/GuyARoss/orbit/pkg/jsparse/parser.go:300.2,300.30 1 1
github.com/GuyARoss/orbit/pkg/jsparse/parser.go:304.2,304.36 1 1
github.com/GuyARoss/orbit/pkg/jsparse/parser.go:296.65,298.3 1 1
github.com/GuyARoss/orbit/pkg/jsparse/parser.go:300.30,302.3 1 1
github.com/GuyARoss/orbit/pkg/jsparse/parser.go:313.81,314.49 1 0
github.com/GuyARoss/orbit/pkg/jsparse/parser.go:318.2,319.16 2 0
github.com/GuyARoss/orbit/pkg/jsparse/parser.go:322.2,332.21 5 0
github.com/GuyARoss/orbit/pkg/jsparse/parser.go:339.2,339.21 1 0
github.com/GuyARoss/orbit/pkg/jsparse/parser.go:343.2,343.18 1 0
github.com/GuyARoss/orbit/pkg/jsparse/parser.go:314.49,316.3 1 0
github.com/GuyARoss/orbit/pkg/jsparse/parser.go:319.16,321.3 1 0
github.com/GuyARoss/orbit/pkg/jsparse/parser.go:332.21,334.17 2 0
github.com/GuyARoss/orbit/pkg/jsparse/parser.go:334.17,336.4 1 0
github.com/GuyARoss/orbit/pkg/jsparse/parser.go:339.21,341.3 1 0
github.com/GuyARoss/orbit/pkg/jsparse/parser.go:346.42,350.2 2 0
github.com/GuyARoss/orbit/pkg/jsparse/parser.go:352.43,354.2 1 0
github.com/GuyARoss/orbit/pkg/jsparse/parser.go:356.89,360.2 2 0
github.com/GuyARoss/orbit/pkg/jsparse/parser.go:362.59,364.2 1 0
github.com/GuyARoss/orbit/pkg/jsparse/parser.go:366.46,368.2 1 0
github.com/GuyARoss/orbit/pkg/jsparse/parser.go:370.59,374.2 2 1
github.com/GuyARoss/orbit/pkg/jsparse/parser.go:376.48,379.17 2 1
github.com/GuyARoss/orbit/pkg/jsparse/parser.go:383.2,383.20 1 1
github.com/GuyARoss/orbit/pkg/jsparse/parser.go:379.17,381.3 1 0
