mode: atomic
github.com/GuyARoss/orbit/pkg/depend_tree/depend_tree.go:21.79,22.22 1 1
github.com/GuyARoss/orbit/pkg/depend_tree/depend_tree.go:31.2,31.10 1 1
github.com/GuyARoss/orbit/pkg/depend_tree/depend_tree.go:22.22,23.20 1 2
github.com/GuyARoss/orbit/pkg/depend_tree/depend_tree.go:28.3,28.11 1 1
github.com/GuyARoss/orbit/pkg/depend_tree/depend_tree.go:23.20,25.12 2 1
github.com/GuyARoss/orbit/pkg/depend_tree/depend_tree.go:34.86,35.22 1 1
github.com/GuyARoss/orbit/pkg/depend_tree/depend_tree.go:39.2,39.10 1 1
github.com/GuyARoss/orbit/pkg/depend_tree/depend_tree.go:35.22,37.3 1 2
github.com/GuyARoss/orbit/pkg/depend_tree/depend_tree.go:42.55,44.16 2 0
github.com/GuyARoss/orbit/pkg/depend_tree/depend_tree.go:48.2,50.22 2 0
github.com/GuyARoss/orbit/pkg/depend_tree/depend_tree.go:60.2,60.34 1 0
github.com/GuyARoss/orbit/pkg/depend_tree/depend_tree.go:63.2,63.12 1 0
github.com/GuyARoss/orbit/pkg/depend_tree/depend_tree.go:44.16,46.3 1 0
github.com/GuyARoss/orbit/pkg/depend_tree/depend_tree.go:50.22,51.24 1 0
github.com/GuyARoss/orbit/pkg/depend_tree/depend_tree.go:51.24,52.23 1 0
github.com/GuyARoss/orbit/pkg/depend_tree/depend_tree.go:56.4,56.48 1 0
github.com/GuyARoss/orbit/pkg/depend_tree/depend_tree.go:52.23,54.5 1 0
github.com/GuyARoss/orbit/pkg/depend_tree/depend_tree.go:60.34,62.3 1 0
github.com/GuyARoss/orbit/pkg/depend_tree/depend_tree.go:66.61,68.2 1 0
github.com/GuyARoss/orbit/pkg/depend_tree/depend_tree.go:70.64,71.31 1 11
github.com/GuyARoss/orbit/pkg/depend_tree/depend_tree.go:75.2,75.20 1 5
github.com/GuyARoss/orbit/pkg/depend_tree/depend_tree.go:79.2,79.15 1 5
github.com/GuyARoss/orbit/pkg/depend_tree/depend_tree.go:84.2,86.16 2 5
github.com/GuyARoss/orbit/pkg/depend_tree/depend_tree.go:71.31,73.3 1 6
github.com/GuyARoss/orbit/pkg/depend_tree/depend_tree.go:75.20,77.3 1 1
github.com/GuyARoss/orbit/pkg/depend_tree/depend_tree.go:79.15,82.3 2 4
github.com/GuyARoss/orbit/pkg/depend_tree/depend_tree.go:89.62,93.21 3 1
github.com/GuyARoss/orbit/pkg/depend_tree/depend_tree.go:110.2,110.10 1 1
github.com/GuyARoss/orbit/pkg/depend_tree/depend_tree.go:93.21,95.46 2 2
github.com/GuyARoss/orbit/pkg/depend_tree/depend_tree.go:100.3,100.28 1 1
github.com/GuyARoss/orbit/pkg/depend_tree/depend_tree.go:108.3,108.26 1 1
github.com/GuyARoss/orbit/pkg/depend_tree/depend_tree.go:95.46,97.12 2 1
github.com/GuyARoss/orbit/pkg/depend_tree/depend_tree.go:100.28,101.19 1 4
github.com/GuyARoss/orbit/pkg/depend_tree/depend_tree.go:105.4,105.38 1 4
github.com/GuyARoss/orbit/pkg/depend_tree/depend_tree.go:101.19,103.5 1 4
github.com/GuyARoss/orbit/pkg/depend_tree/depend_tree.go:126.74,129.16 2 5
github.com/GuyARoss/orbit/pkg/depend_tree/depend_tree.go:132.2,134.33 3 5
github.com/GuyARoss/orbit/pkg/depend_tree/depend_tree.go:147.2,147.18 1 5
github.com/GuyARoss/orbit/pkg/depend_tree/depend_tree.go:129.16,131.3 1 0
github.com/GuyARoss/orbit/pkg/depend_tree/depend_tree.go:134.33,136.17 2 4
github.com/GuyARoss/orbit/pkg/depend_tree/depend_tree.go:140.3,145.26 5 4
github.com/GuyARoss/orbit/pkg/depend_tree/depend_tree.go:136.17,138.4 1 0
github.com/GuyARoss/orbit/pkg/depend_tree/depend_tree.go:150.89,152.16 2 1
github.com/GuyARoss/orbit/pkg/depend_tree/depend_tree.go:155.2,159.25 3 1
github.com/GuyARoss/orbit/pkg/depend_tree/depend_tree.go:173.2,175.18 2 1
github.com/GuyARoss/orbit/pkg/depend_tree/depend_tree.go:152.16,154.3 1 0
github.com/GuyARoss/orbit/pkg/depend_tree/depend_tree.go:159.25,161.17 2 1
github.com/GuyARoss/orbit/pkg/depend_tree/depend_tree.go:165.3,170.26 5 1
github.com/GuyARoss/orbit/pkg/depend_tree/depend_tree.go:161.17,163.4 1 0
github.com/GuyARoss/orbit/pkg/fsutils/fs.go:14.63,15.23 1 4
github.com/GuyARoss/orbit/pkg/fsutils/fs.go:19.2,20.16 2 3
github.com/GuyARoss/orbit/pkg/fsutils/fs.go:24.2,25.29 2 3
github.com/GuyARoss/orbit/pkg/fsutils/fs.go:33.2,33.20 1 3
github.com/GuyARoss/orbit/pkg/fsutils/fs.go:15.23,17.3 1 1
github.com/GuyARoss/orbit/pkg/fsutils/fs.go:20.16,22.3 1 0
github.com/GuyARoss/orbit/pkg/fsutils/fs.go:25.29,26.19 1 6
github.com/GuyARoss/orbit/pkg/fsutils/fs.go:26.19,28.4 1 3
github.com/GuyARoss/orbit/pkg/fsutils/fs.go:28.9,30.4 1 3
github.com/GuyARoss/orbit/pkg/fsutils/fs.go:36.36,38.2 1 1
github.com/GuyARoss/orbit/pkg/fsutils/fs.go:40.40,45.2 3 0
github.com/GuyARoss/orbit/pkg/allocated_stack/allocated_stack.go:16.31,17.31 1 31
github.com/GuyARoss/orbit/pkg/allocated_stack/allocated_stack.go:22.2,22.18 1 31
github.com/GuyARoss/orbit/pkg/allocated_stack/allocated_stack.go:17.31,20.3 2 21
github.com/GuyARoss/orbit/pkg/allocated_stack/allocated_stack.go:25.32,29.33 3 1
github.com/GuyARoss/orbit/pkg/allocated_stack/allocated_stack.go:35.2,35.14 1 1
github.com/GuyARoss/orbit/pkg/allocated_stack/allocated_stack.go:29.33,33.3 2 2
github.com/GuyARoss/orbit/pkg/allocated_stack/allocated_stack.go:38.41,40.33 2 26
github.com/GuyARoss/orbit/pkg/allocated_stack/allocated_stack.go:48.2,48.14 1 16
github.com/GuyARoss/orbit/pkg/allocated_stack/allocated_stack.go:40.33,41.19 1 58
github.com/GuyARoss/orbit/pkg/allocated_stack/allocated_stack.go:45.3,45.15 1 48
github.com/GuyARoss/orbit/pkg/allocated_stack/allocated_stack.go:41.19,43.4 1 10
github.com/GuyARoss/orbit/pkg/allocated_stack/allocated_stack.go:51.27,53.2 1 15
github.com/GuyARoss/orbit/pkg/allocated_stack/allocated_stack.go:55.28,60.2 1 3
github.com/GuyARoss/orbit/pkg/jsparse/document.go:69.77,71.36 2 9
github.com/GuyARoss/orbit/pkg/jsparse/document.go:79.2,81.20 3 5
github.com/GuyARoss/orbit/pkg/jsparse/document.go:86.2,89.33 3 5
github.com/GuyARoss/orbit/pkg/jsparse/document.go:97.2,98.36 2 5
github.com/GuyARoss/orbit/pkg/jsparse/document.go:120.2,134.3 7 5
github.com/GuyARoss/orbit/pkg/jsparse/document.go:71.36,77.3 1 4
github.com/GuyARoss/orbit/pkg/jsparse/document.go:81.20,84.3 2 4
github.com/GuyARoss/orbit/pkg/jsparse/document.go:89.33,90.48 1 5
github.com/GuyARoss/orbit/pkg/jsparse/document.go:94.3,94.50 1 5
github.com/GuyARoss/orbit/pkg/jsparse/document.go:90.48,91.12 1 0
github.com/GuyARoss/orbit/pkg/jsparse/document.go:98.36,100.16 1 12
github.com/GuyARoss/orbit/pkg/jsparse/document.go:113.3,113.33 1 11
github.com/GuyARoss/orbit/pkg/jsparse/document.go:117.3,117.50 1 7
github.com/GuyARoss/orbit/pkg/jsparse/document.go:100.16,103.29 2 1
github.com/GuyARoss/orbit/pkg/jsparse/document.go:107.4,110.12 3 1
github.com/GuyARoss/orbit/pkg/jsparse/document.go:103.29,105.5 1 1
github.com/GuyARoss/orbit/pkg/jsparse/document.go:113.33,114.12 1 4
github.com/GuyARoss/orbit/pkg/jsparse/document.go:138.61,140.45 1 5
github.com/GuyARoss/orbit/pkg/jsparse/document.go:206.2,208.12 2 2
github.com/GuyARoss/orbit/pkg/jsparse/document.go:140.45,141.47 1 28
github.com/GuyARoss/orbit/pkg/jsparse/document.go:141.47,142.20 1 4
github.com/GuyARoss/orbit/pkg/jsparse/document.go:163.4,164.18 2 2
github.com/GuyARoss/orbit/pkg/jsparse/document.go:167.4,170.35 3 2
github.com/GuyARoss/orbit/pkg/jsparse/document.go:182.4,183.18 2 2
github.com/GuyARoss/orbit/pkg/jsparse/document.go:187.4,196.17 3 2
github.com/GuyARoss/orbit/pkg/jsparse/document.go:143.21,145.15 2 1
github.com/GuyARoss/orbit/pkg/jsparse/document.go:146.46,150.19 2 2
github.com/GuyARoss/orbit/pkg/jsparse/document.go:154.5,154.29 1 2
github.com/GuyARoss/orbit/pkg/jsparse/document.go:150.19,152.6 1 0
github.com/GuyARoss/orbit/pkg/jsparse/document.go:154.29,155.40 1 1
github.com/GuyARoss/orbit/pkg/jsparse/document.go:159.6,159.16 1 1
github.com/GuyARoss/orbit/pkg/jsparse/document.go:155.40,158.7 2 1
github.com/GuyARoss/orbit/pkg/jsparse/document.go:164.18,166.5 1 0
github.com/GuyARoss/orbit/pkg/jsparse/document.go:170.35,171.42 1 4
github.com/GuyARoss/orbit/pkg/jsparse/document.go:171.42,172.15 1 1
github.com/GuyARoss/orbit/pkg/jsparse/document.go:173.30,175.23 2 1
github.com/GuyARoss/orbit/pkg/jsparse/document.go:176.28,177.33 1 0
github.com/GuyARoss/orbit/pkg/jsparse/document.go:183.18,185.5 1 0
github.com/GuyARoss/orbit/pkg/jsparse/document.go:196.17,197.39 1 1
github.com/GuyARoss/orbit/pkg/jsparse/document.go:201.5,201.15 1 1
github.com/GuyARoss/orbit/pkg/jsparse/document.go:197.39,200.6 2 1
github.com/GuyARoss/orbit/pkg/jsparse/document.go:211.57,213.32 2 0
github.com/GuyARoss/orbit/pkg/jsparse/document.go:217.2,217.34 1 0
github.com/GuyARoss/orbit/pkg/jsparse/document.go:221.2,221.35 1 0
github.com/GuyARoss/orbit/pkg/jsparse/document.go:225.2,226.16 2 0
github.com/GuyARoss/orbit/pkg/jsparse/document.go:230.2,233.16 3 0
github.com/GuyARoss/orbit/pkg/jsparse/document.go:236.2,237.16 2 0
github.com/GuyARoss/orbit/pkg/jsparse/document.go:241.2,241.12 1 0
github.com/GuyARoss/orbit/pkg/jsparse/document.go:213.32,215.3 1 0
github.com/GuyARoss/orbit/pkg/jsparse/document.go:217.34,219.3 1 0
github.com/GuyARoss/orbit/pkg/jsparse/document.go:221.35,223.3 1 0
github.com/GuyARoss/orbit/pkg/jsparse/document.go:226.16,228.3 1 0
github.com/GuyARoss/orbit/pkg/jsparse/document.go:233.16,235.3 1 0
github.com/GuyARoss/orbit/pkg/jsparse/document.go:237.16,239.3 1 0
github.com/GuyARoss/orbit/pkg/jsparse/document.go:244.62,246.2 1 0
github.com/GuyARoss/orbit/pkg/jsparse/document.go:248.43,250.2 1 0
github.com/GuyARoss/orbit/pkg/jsparse/document.go:252.59,252.77 1 0
github.com/GuyARoss/orbit/pkg/jsparse/document.go:253.59,253.79 1 0
github.com/GuyARoss/orbit/pkg/jsparse/document.go:254.59,254.81 1 1
github.com/GuyARoss/orbit/pkg/jsparse/document.go:256.42,257.28 1 0
github.com/GuyARoss/orbit/pkg/jsparse/document.go:262.2,264.49 2 0
github.com/GuyARoss/orbit/pkg/jsparse/document.go:257.28,260.3 1 0
github.com/GuyARoss/orbit/pkg/jsparse/document.go:267.89,271.2 2 0
github.com/GuyARoss/orbit/pkg/jsparse/document.go:273.59,277.2 2 2
github.com/GuyARoss/orbit/pkg/jsparse/document.go:279.60,281.2 1 0
github.com/GuyARoss/orbit/pkg/jsparse/document.go:284.44,290.2 1 4
github.com/GuyARoss/orbit/pkg/jsparse/document.go:292.73,295.28 2 0
github.com/GuyARoss/orbit/pkg/jsparse/document.go:298.2,298.12 1 0
github.com/GuyARoss/orbit/pkg/jsparse/document.go:295.28,297.3 1 0
github.com/GuyARoss/orbit/pkg/jsparse/document.go:302.68,312.2 1 1
github.com/GuyARoss/orbit/pkg/jsparse/document.go:329.42,334.35 3 0
github.com/GuyARoss/orbit/pkg/jsparse/document.go:347.2,349.19 2 0
github.com/GuyARoss/orbit/pkg/jsparse/document.go:334.35,337.19 2 0
github.com/GuyARoss/orbit/pkg/jsparse/document.go:344.3,344.59 1 0
github.com/GuyARoss/orbit/pkg/jsparse/document.go:338.17,339.34 1 0
github.com/GuyARoss/orbit/pkg/jsparse/document.go:340.11,341.36 1 0
github.com/GuyARoss/orbit/pkg/jsparse/document.go:352.45,357.2 1 0
github.com/GuyARoss/orbit/pkg/jsparse/document.go:366.64,372.2 1 0
github.com/GuyARoss/orbit/pkg/jsparse/document.go:384.41,386.2 1 0
github.com/GuyARoss/orbit/pkg/jsparse/document.go:393.40,402.2 6 0
github.com/GuyARoss/orbit/pkg/jsparse/document.go:404.63,409.2 1 0
github.com/GuyARoss/orbit/pkg/jsparse/document.go:411.37,414.19 2 10
github.com/GuyARoss/orbit/pkg/jsparse/document.go:418.2,421.53 3 9
github.com/GuyARoss/orbit/pkg/jsparse/document.go:414.19,416.3 1 1
github.com/GuyARoss/orbit/pkg/jsparse/parser.go:22.65,24.2 1 0
github.com/GuyARoss/orbit/pkg/jsparse/parser.go:28.81,29.47 1 0
github.com/GuyARoss/orbit/pkg/jsparse/parser.go:33.2,34.16 2 0
github.com/GuyARoss/orbit/pkg/jsparse/parser.go:37.2,44.21 5 0
github.com/GuyARoss/orbit/pkg/jsparse/parser.go:51.2,51.21 1 0
github.com/GuyARoss/orbit/pkg/jsparse/parser.go:55.2,55.18 1 0
github.com/GuyARoss/orbit/pkg/jsparse/parser.go:29.47,31.3 1 0
github.com/GuyARoss/orbit/pkg/jsparse/parser.go:34.16,36.3 1 0
github.com/GuyARoss/orbit/pkg/jsparse/parser.go:44.21,46.17 2 0
github.com/GuyARoss/orbit/pkg/jsparse/parser.go:46.17,48.4 1 0
github.com/GuyARoss/orbit/pkg/jsparse/parser.go:51.21,53.3 1 0
github.com/GuyARoss/orbit/pkg/jsparse/parser.go:85.45,88.65 2 2
github.com/GuyARoss/orbit/pkg/jsparse/parser.go:92.2,92.30 1 2
github.com/GuyARoss/orbit/pkg/jsparse/parser.go:96.2,96.36 1 2
github.com/GuyARoss/orbit/pkg/jsparse/parser.go:88.65,90.3 1 16
github.com/GuyARoss/orbit/pkg/jsparse/parser.go:92.30,94.3 1 4
github.com/GuyARoss/orbit/pkg/jsparse/parser.go:101.34,102.37 1 11
github.com/GuyARoss/orbit/pkg/jsparse/parser.go:113.2,113.23 1 1
github.com/GuyARoss/orbit/pkg/jsparse/parser.go:102.37,103.29 1 20
github.com/GuyARoss/orbit/pkg/jsparse/parser.go:107.3,107.29 1 12
github.com/GuyARoss/orbit/pkg/jsparse/parser.go:103.29,105.4 1 8
github.com/GuyARoss/orbit/pkg/jsparse/parser.go:107.29,109.4 1 2
github.com/GuyARoss/orbit/pkg/jsparse/utilities.go:18.46,21.20 2 8
github.com/GuyARoss/orbit/pkg/jsparse/utilities.go:26.2,30.16 3 6
github.com/GuyARoss/orbit/pkg/jsparse/utilities.go:33.2,33.18 1 6
github.com/GuyARoss/orbit/pkg/jsparse/utilities.go:21.20,24.3 1 2
github.com/GuyARoss/orbit/pkg/jsparse/utilities.go:30.16,32.3 1 6
github.com/GuyARoss/orbit/pkg/jsparse/utilities.go:41.60,43.29 2 4
github.com/GuyARoss/orbit/pkg/jsparse/utilities.go:47.2,49.46 2 3
github.com/GuyARoss/orbit/pkg/jsparse/utilities.go:53.2,53.26 1 2
github.com/GuyARoss/orbit/pkg/jsparse/utilities.go:43.29,45.3 1 1
github.com/GuyARoss/orbit/pkg/jsparse/utilities.go:49.46,51.3 1 1
github.com/GuyARoss/orbit/pkg/jsparse/utilities.go:56.51,63.25 6 6
github.com/GuyARoss/orbit/pkg/jsparse/utilities.go:107.2,107.18 1 6
github.com/GuyARoss/orbit/pkg/jsparse/utilities.go:63.25,64.27 1 140
github.com/GuyARoss/orbit/pkg/jsparse/utilities.go:68.3,68.27 1 140
github.com/GuyARoss/orbit/pkg/jsparse/utilities.go:72.3,72.15 1 35
github.com/GuyARoss/orbit/pkg/jsparse/utilities.go:76.3,76.15 1 35
github.com/GuyARoss/orbit/pkg/jsparse/utilities.go:79.3,79.28 1 35
github.com/GuyARoss/orbit/pkg/jsparse/utilities.go:85.3,85.26 1 35
github.com/GuyARoss/orbit/pkg/jsparse/utilities.go:90.3,90.44 1 24
github.com/GuyARoss/orbit/pkg/jsparse/utilities.go:95.3,95.21 1 24
github.com/GuyARoss/orbit/pkg/jsparse/utilities.go:100.3,100.28 1 24
github.com/GuyARoss/orbit/pkg/jsparse/utilities.go:64.27,66.4 1 4
github.com/GuyARoss/orbit/pkg/jsparse/utilities.go:68.27,69.12 1 105
github.com/GuyARoss/orbit/pkg/jsparse/utilities.go:72.15,74.4 1 4
github.com/GuyARoss/orbit/pkg/jsparse/utilities.go:76.15,78.4 1 3
github.com/GuyARoss/orbit/pkg/jsparse/utilities.go:79.28,83.4 3 3
github.com/GuyARoss/orbit/pkg/jsparse/utilities.go:85.26,87.12 2 11
github.com/GuyARoss/orbit/pkg/jsparse/utilities.go:90.44,92.12 2 0
github.com/GuyARoss/orbit/pkg/jsparse/utilities.go:95.21,98.4 2 3
github.com/GuyARoss/orbit/pkg/jsparse/utilities.go:100.28,104.4 3 0
github.com/GuyARoss/orbit/pkg/jsparse/utilities.go:110.69,112.26 2 6
github.com/GuyARoss/orbit/pkg/jsparse/utilities.go:116.2,116.29 1 6
github.com/GuyARoss/orbit/pkg/jsparse/utilities.go:120.2,121.38 2 6
github.com/GuyARoss/orbit/pkg/jsparse/utilities.go:130.2,130.27 1 6
github.com/GuyARoss/orbit/pkg/jsparse/utilities.go:112.26,114.3 1 0
github.com/GuyARoss/orbit/pkg/jsparse/utilities.go:116.29,118.3 1 0
github.com/GuyARoss/orbit/pkg/jsparse/utilities.go:121.38,123.49 1 32
github.com/GuyARoss/orbit/pkg/jsparse/utilities.go:127.3,127.8 1 3
github.com/GuyARoss/orbit/pkg/jsparse/utilities.go:123.49,125.12 2 29
github.com/GuyARoss/orbit/pkg/jsparse/utilities.go:134.64,138.24 3 19
github.com/GuyARoss/orbit/pkg/jsparse/utilities.go:152.2,152.22 1 4
github.com/GuyARoss/orbit/pkg/jsparse/utilities.go:138.24,139.29 1 564
github.com/GuyARoss/orbit/pkg/jsparse/utilities.go:143.3,143.14 1 549
github.com/GuyARoss/orbit/pkg/jsparse/utilities.go:147.3,147.32 1 549
github.com/GuyARoss/orbit/pkg/jsparse/utilities.go:139.29,141.4 1 15
github.com/GuyARoss/orbit/pkg/jsparse/utilities.go:143.14,145.4 1 140
github.com/GuyARoss/orbit/pkg/jsparse/utilities.go:147.32,149.4 1 15
github.com/GuyARoss/orbit/pkg/jsparse/utilities.go:156.45,160.38 3 9
github.com/GuyARoss/orbit/pkg/jsparse/utilities.go:164.2,164.25 1 4
github.com/GuyARoss/orbit/pkg/jsparse/utilities.go:160.38,162.3 1 5
github.com/GuyARoss/orbit/pkg/hotreload/hotreload.go:24.69,26.22 2 1
github.com/GuyARoss/orbit/pkg/hotreload/hotreload.go:40.2,40.16 1 1
github.com/GuyARoss/orbit/pkg/hotreload/hotreload.go:26.22,28.32 2 3
github.com/GuyARoss/orbit/pkg/hotreload/hotreload.go:35.3,35.16 1 3
github.com/GuyARoss/orbit/pkg/hotreload/hotreload.go:28.32,29.14 1 3
github.com/GuyARoss/orbit/pkg/hotreload/hotreload.go:29.14,31.10 2 1
github.com/GuyARoss/orbit/pkg/hotreload/hotreload.go:35.16,37.4 1 2
github.com/GuyARoss/orbit/pkg/hotreload/hotreload.go:68.42,69.18 1 2
github.com/GuyARoss/orbit/pkg/hotreload/hotreload.go:75.2,75.12 1 1
github.com/GuyARoss/orbit/pkg/hotreload/hotreload.go:69.18,73.3 1 1
github.com/GuyARoss/orbit/pkg/hotreload/hotreload.go:79.53,82.19 1 4
github.com/GuyARoss/orbit/pkg/hotreload/hotreload.go:86.2,86.40 1 2
github.com/GuyARoss/orbit/pkg/hotreload/hotreload.go:92.2,92.14 1 1
github.com/GuyARoss/orbit/pkg/hotreload/hotreload.go:82.19,84.3 1 2
github.com/GuyARoss/orbit/pkg/hotreload/hotreload.go:86.40,87.15 1 4
github.com/GuyARoss/orbit/pkg/hotreload/hotreload.go:87.15,89.4 1 1
github.com/GuyARoss/orbit/pkg/hotreload/hotreload.go:95.37,97.2 1 6
github.com/GuyARoss/orbit/pkg/hotreload/hotreload.go:99.50,101.2 1 0
github.com/GuyARoss/orbit/pkg/hotreload/hotreload.go:103.92,105.2 1 0
github.com/GuyARoss/orbit/pkg/hotreload/hotreload.go:107.77,111.21 2 0
github.com/GuyARoss/orbit/pkg/hotreload/hotreload.go:115.2,117.16 2 0
github.com/GuyARoss/orbit/pkg/hotreload/hotreload.go:121.2,124.16 3 0
github.com/GuyARoss/orbit/pkg/hotreload/hotreload.go:128.2,130.31 2 0
github.com/GuyARoss/orbit/pkg/hotreload/hotreload.go:139.2,139.14 1 0
github.com/GuyARoss/orbit/pkg/hotreload/hotreload.go:111.21,113.3 1 0
github.com/GuyARoss/orbit/pkg/hotreload/hotreload.go:117.16,118.13 1 0
github.com/GuyARoss/orbit/pkg/hotreload/hotreload.go:124.16,125.13 1 0
github.com/GuyARoss/orbit/pkg/hotreload/hotreload.go:131.15,136.42 2 0
github.com/GuyARoss/orbit/pkg/hotreload/hotreload.go:142.23,144.45 2 0
github.com/GuyARoss/orbit/pkg/hotreload/hotreload.go:148.2,153.3 1 0
github.com/GuyARoss/orbit/pkg/hotreload/hotreload.go:144.45,146.3 1 0
github.com/GuyARoss/orbit/internal/assets/embed/orbit.go:36.35,43.2 1 4
github.com/GuyARoss/orbit/internal/assets/embed/orbit.go:45.48,50.2 3 4
github.com/GuyARoss/orbit/internal/assets/embed/orbit.go:53.55,55.25 2 3
github.com/GuyARoss/orbit/internal/assets/embed/orbit.go:61.2,61.77 1 1
github.com/GuyARoss/orbit/internal/assets/embed/orbit.go:55.25,59.3 2 2
github.com/GuyARoss/orbit/internal/assets/embed/orbit.go:65.64,70.26 4 6
github.com/GuyARoss/orbit/internal/assets/embed/orbit.go:95.2,101.26 3 6
github.com/GuyARoss/orbit/internal/assets/embed/orbit.go:107.2,107.13 1 6
github.com/GuyARoss/orbit/internal/assets/embed/orbit.go:70.26,74.27 1 6
github.com/GuyARoss/orbit/internal/assets/embed/orbit.go:85.3,86.42 2 5
github.com/GuyARoss/orbit/internal/assets/embed/orbit.go:74.27,76.18 2 1
github.com/GuyARoss/orbit/internal/assets/embed/orbit.go:76.18,79.13 3 1
github.com/GuyARoss/orbit/internal/assets/embed/orbit.go:86.42,89.42 2 1
github.com/GuyARoss/orbit/internal/assets/embed/orbit.go:89.42,91.5 1 0
github.com/GuyARoss/orbit/internal/assets/embed/orbit.go:101.26,102.40 1 6
github.com/GuyARoss/orbit/internal/assets/embed/orbit.go:102.40,104.4 1 1
github.com/GuyARoss/orbit/internal/assets/embed/orbit.go:112.67,114.2 1 7
github.com/GuyARoss/orbit/internal/assets/embed/orbit.go:118.47,123.37 2 3
github.com/GuyARoss/orbit/internal/assets/embed/orbit.go:130.2,130.20 1 3
github.com/GuyARoss/orbit/internal/assets/embed/orbit.go:135.2,135.13 1 3
github.com/GuyARoss/orbit/internal/assets/embed/orbit.go:123.37,127.3 3 3
github.com/GuyARoss/orbit/internal/assets/embed/orbit.go:130.20,133.3 2 2
github.com/GuyARoss/orbit/internal/assets/embed/orbit.go:140.72,142.23 2 3
github.com/GuyARoss/orbit/internal/assets/embed/orbit.go:153.2,153.14 1 3
github.com/GuyARoss/orbit/internal/assets/embed/orbit.go:142.23,145.29 2 3
github.com/GuyARoss/orbit/internal/assets/embed/orbit.go:145.29,147.17 2 9
github.com/GuyARoss/orbit/internal/assets/embed/orbit.go:147.17,149.5 1 3
github.com/GuyARoss/orbit/internal/assets/embed/orbit.go:158.59,163.33 4 12
github.com/GuyARoss/orbit/internal/assets/embed/orbit.go:177.2,178.23 2 12
github.com/GuyARoss/orbit/internal/assets/embed/orbit.go:182.2,182.28 1 12
github.com/GuyARoss/orbit/internal/assets/embed/orbit.go:163.33,165.29 2 4
github.com/GuyARoss/orbit/internal/assets/embed/orbit.go:165.29,166.32 1 15
github.com/GuyARoss/orbit/internal/assets/embed/orbit.go:171.4,171.13 1 15
github.com/GuyARoss/orbit/internal/assets/embed/orbit.go:166.32,169.5 2 7
github.com/GuyARoss/orbit/internal/assets/embed/orbit.go:171.13,173.5 1 8
github.com/GuyARoss/orbit/internal/assets/embed/orbit.go:178.23,180.3 1 4
github.com/GuyARoss/orbit/internal/assets/embed/orbit.go:199.67,202.71 2 9
github.com/GuyARoss/orbit/internal/assets/embed/orbit.go:202.71,205.21 2 9
github.com/GuyARoss/orbit/internal/assets/embed/orbit.go:214.3,214.57 1 7
github.com/GuyARoss/orbit/internal/assets/embed/orbit.go:235.3,235.62 1 7
github.com/GuyARoss/orbit/internal/assets/embed/orbit.go:256.3,264.15 2 7
github.com/GuyARoss/orbit/internal/assets/embed/orbit.go:205.21,208.39 2 2
github.com/GuyARoss/orbit/internal/assets/embed/orbit.go:208.39,211.5 2 2
github.com/GuyARoss/orbit/internal/assets/embed/orbit.go:214.57,215.31 1 6
github.com/GuyARoss/orbit/internal/assets/embed/orbit.go:222.4,223.18 2 6
github.com/GuyARoss/orbit/internal/assets/embed/orbit.go:228.4,232.34 4 4
github.com/GuyARoss/orbit/internal/assets/embed/orbit.go:215.31,216.131 1 0
github.com/GuyARoss/orbit/internal/assets/embed/orbit.go:216.131,219.6 2 0
github.com/GuyARoss/orbit/internal/assets/embed/orbit.go:223.18,226.5 2 2
github.com/GuyARoss/orbit/internal/assets/embed/orbit.go:235.62,238.23 1 3
github.com/GuyARoss/orbit/internal/assets/embed/orbit.go:243.4,244.18 2 0
github.com/GuyARoss/orbit/internal/assets/embed/orbit.go:249.4,253.34 4 0
github.com/GuyARoss/orbit/internal/assets/embed/orbit.go:238.23,241.5 2 3
github.com/GuyARoss/orbit/internal/assets/embed/orbit.go:244.18,247.5 2 0
github.com/GuyARoss/orbit/internal/assets/embed/orbit.go:270.57,272.2 1 1
github.com/GuyARoss/orbit/internal/assets/embed/orbit.go:276.47,280.2 2 3
github.com/GuyARoss/orbit/internal/assets/embed/orbit.go:283.36,285.2 1 1
github.com/GuyARoss/orbit/internal/assets/embed/orbit.go:287.26,291.25 3 2
github.com/GuyARoss/orbit/internal/assets/embed/orbit.go:297.2,297.29 1 2
github.com/GuyARoss/orbit/internal/assets/embed/orbit.go:291.25,295.3 2 1
github.com/GuyARoss/orbit/internal/assets/embed/orbit.go:300.28,301.41 1 2
github.com/GuyARoss/orbit/internal/assets/embed/orbit.go:305.2,308.32 1 2
github.com/GuyARoss/orbit/internal/assets/embed/orbit.go:301.41,303.3 1 0
github.com/GuyARoss/orbit/internal/assets/embed/orbit_dynamic.go:10.72,15.2 3 0
github.com/GuyARoss/orbit/internal/srcpack/packer.go:51.74,64.12 5 0
github.com/GuyARoss/orbit/internal/srcpack/packer.go:70.2,74.28 3 0
github.com/GuyARoss/orbit/internal/srcpack/packer.go:82.2,84.28 2 0
github.com/GuyARoss/orbit/internal/srcpack/packer.go:64.12,68.3 2 0
github.com/GuyARoss/orbit/internal/srcpack/packer.go:74.28,79.30 2 0
github.com/GuyARoss/orbit/internal/srcpack/packer.go:79.30,79.63 1 0
github.com/GuyARoss/orbit/internal/srcpack/packer.go:87.86,95.2 1 0
github.com/GuyARoss/orbit/internal/srcpack/packer.go:97.61,100.2 2 0
github.com/GuyARoss/orbit/internal/srcpack/packer.go:114.84,116.21 1 0
github.com/GuyARoss/orbit/internal/srcpack/packer.go:123.2,131.16 2 0
github.com/GuyARoss/orbit/internal/srcpack/packer.go:139.2,144.11 5 0
github.com/GuyARoss/orbit/internal/srcpack/packer.go:116.21,119.3 2 0
github.com/GuyARoss/orbit/internal/srcpack/packer.go:131.16,137.3 4 0
github.com/GuyARoss/orbit/internal/srcpack/packer.go:149.67,155.12 4 0
github.com/GuyARoss/orbit/internal/srcpack/packer.go:161.2,165.26 3 0
github.com/GuyARoss/orbit/internal/srcpack/packer.go:173.2,175.12 2 0
github.com/GuyARoss/orbit/internal/srcpack/packer.go:155.12,159.3 2 0
github.com/GuyARoss/orbit/internal/srcpack/packer.go:165.26,170.47 2 0
github.com/GuyARoss/orbit/internal/srcpack/packer.go:170.47,170.87 1 0
github.com/GuyARoss/orbit/internal/srcpack/packer.go:179.56,181.16 2 0
github.com/GuyARoss/orbit/internal/srcpack/packer.go:185.2,187.23 2 0
github.com/GuyARoss/orbit/internal/srcpack/packer.go:191.2,191.34 1 0
github.com/GuyARoss/orbit/internal/srcpack/packer.go:194.2,194.12 1 0
github.com/GuyARoss/orbit/internal/srcpack/packer.go:181.16,183.3 1 0
github.com/GuyARoss/orbit/internal/srcpack/packer.go:187.23,189.3 1 0
github.com/GuyARoss/orbit/internal/srcpack/packer.go:191.34,193.3 1 0
github.com/GuyARoss/orbit/internal/srcpack/packer.go:197.74,211.2 1 0
github.com/GuyARoss/orbit/internal/srcpack/source_map.go:30.75,32.33 2 0
github.com/GuyARoss/orbit/internal/srcpack/source_map.go:45.2,45.27 1 0
github.com/GuyARoss/orbit/internal/srcpack/source_map.go:32.33,33.40 1 0
github.com/GuyARoss/orbit/internal/srcpack/source_map.go:33.40,38.22 2 0
github.com/GuyARoss/orbit/internal/srcpack/source_map.go:42.4,42.57 1 0
github.com/GuyARoss/orbit/internal/srcpack/source_map.go:38.22,40.5 1 0
github.com/GuyARoss/orbit/internal/srcpack/source_map.go:48.84,53.22 3 0
github.com/GuyARoss/orbit/internal/srcpack/source_map.go:56.2,56.18 1 0
github.com/GuyARoss/orbit/internal/srcpack/source_map.go:53.22,55.3 1 0
github.com/GuyARoss/orbit/internal/srcpack/source_map.go:59.94,64.30 3 0
github.com/GuyARoss/orbit/internal/srcpack/source_map.go:68.2,68.26 1 0
github.com/GuyARoss/orbit/internal/srcpack/source_map.go:64.30,66.3 1 0
github.com/GuyARoss/orbit/internal/srcpack/source_map.go:71.67,73.2 1 0
github.com/GuyARoss/orbit/internal/srcpack/source_map.go:76.76,79.30 2 0
github.com/GuyARoss/orbit/internal/srcpack/source_map.go:83.2,84.16 2 0
github.com/GuyARoss/orbit/internal/srcpack/source_map.go:88.2,88.47 1 0
github.com/GuyARoss/orbit/internal/srcpack/source_map.go:79.30,81.3 1 0
github.com/GuyARoss/orbit/internal/srcpack/source_map.go:84.16,86.3 1 0
github.com/GuyARoss/orbit/internal/srcpack/source_map.go:96.106,114.16 9 0
github.com/GuyARoss/orbit/internal/srcpack/source_map.go:118.2,118.34 1 0
github.com/GuyARoss/orbit/internal/srcpack/source_map.go:114.16,116.3 1 0
github.com/GuyARoss/orbit/internal/srcpack/component.go:59.87,61.16 2 4
github.com/GuyARoss/orbit/internal/srcpack/component.go:67.2,69.23 2 3
github.com/GuyARoss/orbit/internal/srcpack/component.go:73.2,74.16 2 2
github.com/GuyARoss/orbit/internal/srcpack/component.go:78.2,79.21 2 2
github.com/GuyARoss/orbit/internal/srcpack/component.go:83.2,89.16 2 2
github.com/GuyARoss/orbit/internal/srcpack/component.go:93.2,93.29 1 2
github.com/GuyARoss/orbit/internal/srcpack/component.go:110.2,112.33 2 1
github.com/GuyARoss/orbit/internal/srcpack/component.go:118.2,128.8 1 1
github.com/GuyARoss/orbit/internal/srcpack/component.go:61.16,63.3 1 1
github.com/GuyARoss/orbit/internal/srcpack/component.go:69.23,71.3 1 1
github.com/GuyARoss/orbit/internal/srcpack/component.go:74.16,76.3 1 0
github.com/GuyARoss/orbit/internal/srcpack/component.go:79.21,81.3 1 1
github.com/GuyARoss/orbit/internal/srcpack/component.go:89.16,91.3 1 0
github.com/GuyARoss/orbit/internal/srcpack/component.go:93.29,95.27 2 2
github.com/GuyARoss/orbit/internal/srcpack/component.go:99.3,100.23 2 2
github.com/GuyARoss/orbit/internal/srcpack/component.go:104.3,105.23 2 2
github.com/GuyARoss/orbit/internal/srcpack/component.go:95.27,97.4 1 0
github.com/GuyARoss/orbit/internal/srcpack/component.go:100.23,102.4 1 0
github.com/GuyARoss/orbit/internal/srcpack/component.go:105.23,107.4 1 1
github.com/GuyARoss/orbit/internal/srcpack/component.go:112.33,113.42 1 0
github.com/GuyARoss/orbit/internal/srcpack/component.go:113.42,115.4 1 0
github.com/GuyARoss/orbit/internal/srcpack/component.go:131.45,131.74 1 0
github.com/GuyARoss/orbit/internal/srcpack/component.go:137.36,141.16 2 0
github.com/GuyARoss/orbit/internal/srcpack/component.go:145.2,145.23 1 0
github.com/GuyARoss/orbit/internal/srcpack/component.go:150.2,151.16 2 0
github.com/GuyARoss/orbit/internal/srcpack/component.go:155.2,161.16 2 0
github.com/GuyARoss/orbit/internal/srcpack/component.go:165.2,166.29 2 0
github.com/GuyARoss/orbit/internal/srcpack/component.go:183.2,188.12 4 0
github.com/GuyARoss/orbit/internal/srcpack/component.go:141.16,143.3 1 0
github.com/GuyARoss/orbit/internal/srcpack/component.go:145.23,147.3 1 0
github.com/GuyARoss/orbit/internal/srcpack/component.go:151.16,153.3 1 0
github.com/GuyARoss/orbit/internal/srcpack/component.go:161.16,163.3 1 0
github.com/GuyARoss/orbit/internal/srcpack/component.go:166.29,168.17 2 0
github.com/GuyARoss/orbit/internal/srcpack/component.go:172.3,173.17 2 0
github.com/GuyARoss/orbit/internal/srcpack/component.go:177.3,178.17 2 0
github.com/GuyARoss/orbit/internal/srcpack/component.go:168.17,170.4 1 0
github.com/GuyARoss/orbit/internal/srcpack/component.go:173.17,175.4 1 0
github.com/GuyARoss/orbit/internal/srcpack/component.go:178.17,180.4 1 0
github.com/GuyARoss/orbit/internal/srcpack/component.go:192.74,195.16 2 0
github.com/GuyARoss/orbit/internal/srcpack/component.go:199.2,199.11 1 0
github.com/GuyARoss/orbit/internal/srcpack/component.go:195.16,197.3 1 0
github.com/GuyARoss/orbit/internal/srcpack/component.go:203.47,203.76 1 0
github.com/GuyARoss/orbit/internal/srcpack/component.go:206.64,206.89 1 0
github.com/GuyARoss/orbit/internal/srcpack/component.go:209.40,209.62 1 1
github.com/GuyARoss/orbit/internal/srcpack/component.go:212.35,212.52 1 0
github.com/GuyARoss/orbit/internal/srcpack/component.go:215.55,215.78 1 0
github.com/GuyARoss/orbit/internal/srcpack/component.go:218.33,220.22 2 0
github.com/GuyARoss/orbit/internal/srcpack/component.go:228.2,228.17 1 0
github.com/GuyARoss/orbit/internal/srcpack/component.go:220.22,221.27 1 0
github.com/GuyARoss/orbit/internal/srcpack/component.go:226.3,226.8 1 0
github.com/GuyARoss/orbit/internal/srcpack/component.go:221.27,223.12 2 0
github.com/GuyARoss/orbit/internal/srcpack/component.go:234.62,236.2 1 0
github.com/GuyARoss/orbit/internal/srcpack/component.go:239.71,241.22 1 0
github.com/GuyARoss/orbit/internal/srcpack/component.go:247.2,247.12 1 0
github.com/GuyARoss/orbit/internal/srcpack/component.go:241.22,242.27 1 0
github.com/GuyARoss/orbit/internal/srcpack/component.go:242.27,244.4 1 0
github.com/GuyARoss/orbit/internal/srcpack/component.go:250.60,252.2 1 0
github.com/GuyARoss/orbit/internal/srcpack/hook.go:32.47,39.2 1 1
github.com/GuyARoss/orbit/internal/srcpack/hook.go:41.41,47.32 3 4
github.com/GuyARoss/orbit/internal/srcpack/hook.go:52.2,52.22 1 4
github.com/GuyARoss/orbit/internal/srcpack/hook.go:47.32,50.3 2 1
github.com/GuyARoss/orbit/internal/srcpack/hook.go:55.63,60.72 2 4
github.com/GuyARoss/orbit/internal/srcpack/hook.go:69.2,69.35 1 4
github.com/GuyARoss/orbit/internal/srcpack/hook.go:60.72,65.3 4 0
github.com/GuyARoss/orbit/internal/srcpack/hook.go:72.57,87.2 10 4
github.com/GuyARoss/orbit/internal/srcpack/hook.go:89.28,90.24 1 1
github.com/GuyARoss/orbit/internal/srcpack/hook.go:90.24,97.26 4 4
github.com/GuyARoss/orbit/internal/srcpack/hook.go:100.3,100.75 1 4
github.com/GuyARoss/orbit/internal/srcpack/hook.go:97.26,99.4 1 3
github.com/GuyARoss/orbit/internal/build.go:28.66,30.16 2 0
github.com/GuyARoss/orbit/internal/build.go:34.2,45.16 2 0
github.com/GuyARoss/orbit/internal/build.go:49.2,52.51 3 0
github.com/GuyARoss/orbit/internal/build.go:56.2,64.16 3 0
github.com/GuyARoss/orbit/internal/build.go:68.2,92.16 6 0
github.com/GuyARoss/orbit/internal/build.go:96.2,96.24 1 0
github.com/GuyARoss/orbit/internal/build.go:30.16,32.3 1 0
github.com/GuyARoss/orbit/internal/build.go:45.16,47.3 1 0
github.com/GuyARoss/orbit/internal/build.go:52.51,54.3 1 0
github.com/GuyARoss/orbit/internal/build.go:64.16,66.3 1 0
github.com/GuyARoss/orbit/internal/build.go:92.16,94.3 1 0
github.com/GuyARoss/orbit/internal/dev.go:61.96,65.16 3 1
github.com/GuyARoss/orbit/internal/dev.go:69.2,69.38 1 1
github.com/GuyARoss/orbit/internal/dev.go:65.16,67.3 1 0
github.com/GuyARoss/orbit/internal/dev.go:73.90,75.67 1 4
github.com/GuyARoss/orbit/internal/dev.go:80.2,80.42 1 3
github.com/GuyARoss/orbit/internal/dev.go:84.2,87.68 2 3
github.com/GuyARoss/orbit/internal/dev.go:104.2,104.42 1 2
github.com/GuyARoss/orbit/internal/dev.go:111.2,112.22 2 1
github.com/GuyARoss/orbit/internal/dev.go:126.2,126.12 1 1
github.com/GuyARoss/orbit/internal/dev.go:75.67,77.3 1 1
github.com/GuyARoss/orbit/internal/dev.go:80.42,82.3 1 0
github.com/GuyARoss/orbit/internal/dev.go:87.68,89.17 2 1
github.com/GuyARoss/orbit/internal/dev.go:93.3,94.17 2 1
github.com/GuyARoss/orbit/internal/dev.go:99.3,99.13 1 1
github.com/GuyARoss/orbit/internal/dev.go:89.17,91.4 1 0
github.com/GuyARoss/orbit/internal/dev.go:94.17,96.4 1 0
github.com/GuyARoss/orbit/internal/dev.go:104.42,108.3 2 1
github.com/GuyARoss/orbit/internal/dev.go:112.22,116.17 2 1
github.com/GuyARoss/orbit/internal/dev.go:120.3,121.17 2 1
github.com/GuyARoss/orbit/internal/dev.go:116.17,118.4 1 0
github.com/GuyARoss/orbit/internal/dev.go:121.17,123.4 1 0
github.com/GuyARoss/orbit/internal/dev.go:130.127,132.22 1 2
github.com/GuyARoss/orbit/internal/dev.go:136.2,136.20 1 2
github.com/GuyARoss/orbit/internal/dev.go:140.2,140.58 1 2
github.com/GuyARoss/orbit/internal/dev.go:142.2,148.16 3 2
github.com/GuyARoss/orbit/internal/dev.go:152.2,154.12 2 2
github.com/GuyARoss/orbit/internal/dev.go:132.22,134.3 1 0
github.com/GuyARoss/orbit/internal/dev.go:136.20,138.3 1 1
github.com/GuyARoss/orbit/internal/dev.go:140.58,140.80 1 2
github.com/GuyARoss/orbit/internal/dev.go:148.16,150.3 1 0
github.com/GuyARoss/orbit/internal/dev.go:158.118,160.33 1 1
github.com/GuyARoss/orbit/internal/dev.go:183.2,183.12 1 0
github.com/GuyARoss/orbit/internal/dev.go:160.33,163.60 2 1
github.com/GuyARoss/orbit/internal/dev.go:167.3,167.59 1 1
github.com/GuyARoss/orbit/internal/dev.go:169.3,175.17 3 1
github.com/GuyARoss/orbit/internal/dev.go:179.3,180.13 2 1
github.com/GuyARoss/orbit/internal/dev.go:163.60,164.12 1 0
github.com/GuyARoss/orbit/internal/dev.go:167.59,167.81 1 1
github.com/GuyARoss/orbit/internal/dev.go:175.17,177.4 1 0
github.com/GuyARoss/orbit/internal/dev.go:187.87,189.16 2 1
github.com/GuyARoss/orbit/internal/dev.go:193.2,194.16 2 1
github.com/GuyARoss/orbit/internal/dev.go:198.2,212.16 4 1
github.com/GuyARoss/orbit/internal/dev.go:216.2,220.16 2 1
github.com/GuyARoss/orbit/internal/dev.go:224.2,229.12 4 1
github.com/GuyARoss/orbit/internal/dev.go:189.16,190.13 1 0
github.com/GuyARoss/orbit/internal/dev.go:194.16,196.3 1 0
github.com/GuyARoss/orbit/internal/dev.go:212.16,214.3 1 0
github.com/GuyARoss/orbit/internal/dev.go:220.16,222.3 1 0
github.com/GuyARoss/orbit/internal/dev.go:235.71,237.16 2 0
github.com/GuyARoss/orbit/internal/dev.go:241.2,252.16 2 0
github.com/GuyARoss/orbit/internal/dev.go:256.2,257.51 2 0
github.com/GuyARoss/orbit/internal/dev.go:261.2,271.16 4 0
github.com/GuyARoss/orbit/internal/dev.go:275.2,298.16 5 0
github.com/GuyARoss/orbit/internal/dev.go:302.2,306.16 2 0
github.com/GuyARoss/orbit/internal/dev.go:310.2,311.31 2 0
github.com/GuyARoss/orbit/internal/dev.go:315.2,324.8 1 0
github.com/GuyARoss/orbit/internal/dev.go:237.16,238.13 1 0
github.com/GuyARoss/orbit/internal/dev.go:252.16,254.3 1 0
github.com/GuyARoss/orbit/internal/dev.go:257.51,258.13 1 0
github.com/GuyARoss/orbit/internal/dev.go:271.16,272.13 1 0
github.com/GuyARoss/orbit/internal/dev.go:298.16,300.3 1 0
github.com/GuyARoss/orbit/internal/dev.go:306.16,308.3 1 0
github.com/GuyARoss/orbit/internal/dev.go:311.31,313.3 1 0
github.com/GuyARoss/orbit/internal/dev.go:335.57,337.2 1 0
github.com/GuyARoss/orbit/internal/dev.go:339.65,344.2 3 4
github.com/GuyARoss/orbit/internal/dev.go:346.73,347.28 1 4
github.com/GuyARoss/orbit/internal/dev.go:351.2,351.13 1 3
github.com/GuyARoss/orbit/internal/dev.go:347.28,349.3 1 1
github.com/GuyARoss/orbit/internal/package.go:31.56,33.16 2 0
github.com/GuyARoss/orbit/internal/package.go:37.2,38.16 2 0
github.com/GuyARoss/orbit/internal/package.go:42.2,44.12 2 0
github.com/GuyARoss/orbit/internal/package.go:33.16,35.3 1 0
github.com/GuyARoss/orbit/internal/package.go:38.16,40.3 1 0
github.com/GuyARoss/orbit/internal/package.go:60.53,62.16 2 0
github.com/GuyARoss/orbit/internal/package.go:66.2,66.31 1 0
github.com/GuyARoss/orbit/internal/package.go:75.2,75.90 1 0
github.com/GuyARoss/orbit/internal/package.go:82.2,86.27 2 0
github.com/GuyARoss/orbit/internal/package.go:96.2,96.29 1 0
github.com/GuyARoss/orbit/internal/package.go:103.2,103.27 1 0
github.com/GuyARoss/orbit/internal/package.go:110.2,110.12 1 0
github.com/GuyARoss/orbit/internal/package.go:62.16,64.3 1 0
github.com/GuyARoss/orbit/internal/package.go:66.31,67.49 1 0
github.com/GuyARoss/orbit/internal/package.go:67.49,69.18 2 0
github.com/GuyARoss/orbit/internal/package.go:69.18,71.5 1 0
github.com/GuyARoss/orbit/internal/package.go:75.90,77.17 2 0
github.com/GuyARoss/orbit/internal/package.go:77.17,79.4 1 0
github.com/GuyARoss/orbit/internal/package.go:86.27,88.37 2 0
github.com/GuyARoss/orbit/internal/package.go:88.37,90.18 2 0
github.com/GuyARoss/orbit/internal/package.go:90.18,92.5 1 0
github.com/GuyARoss/orbit/internal/package.go:96.29,98.17 2 0
github.com/GuyARoss/orbit/internal/package.go:98.17,100.4 1 0
github.com/GuyARoss/orbit/internal/package.go:103.27,105.17 2 0
github.com/GuyARoss/orbit/internal/package.go:105.17,107.4 1 0
github.com/GuyARoss/orbit/internal/package.go:116.68,121.16 2 0
github.com/GuyARoss/orbit/internal/package.go:124.2,132.21 6 0
github.com/GuyARoss/orbit/internal/package.go:149.2,149.15 1 0
github.com/GuyARoss/orbit/internal/package.go:121.16,123.3 1 0
github.com/GuyARoss/orbit/internal/package.go:132.21,135.43 2 0
github.com/GuyARoss/orbit/internal/package.go:142.3,142.60 1 0
github.com/GuyARoss/orbit/internal/package.go:135.43,137.12 2 0
github.com/GuyARoss/orbit/internal/package.go:142.60,146.4 2 0
github.com/GuyARoss/orbit/pkg/webwrap/javascript.go:26.88,27.45 1 0
github.com/GuyARoss/orbit/pkg/webwrap/javascript.go:31.2,38.18 2 0
github.com/GuyARoss/orbit/pkg/webwrap/javascript.go:27.45,29.3 1 0
github.com/GuyARoss/orbit/pkg/webwrap/javascript.go:41.79,43.2 1 0
github.com/GuyARoss/orbit/pkg/webwrap/javascript.go:45.46,47.2 1 0
github.com/GuyARoss/orbit/pkg/webwrap/javascript.go:49.104,53.2 1 0
github.com/GuyARoss/orbit/pkg/webwrap/javascript.go:55.106,84.2 7 0
github.com/GuyARoss/orbit/pkg/webwrap/javascript.go:86.71,90.31 2 0
github.com/GuyARoss/orbit/pkg/webwrap/javascript.go:94.2,98.16 3 0
github.com/GuyARoss/orbit/pkg/webwrap/javascript.go:102.2,102.12 1 0
github.com/GuyARoss/orbit/pkg/webwrap/javascript.go:90.31,92.3 1 0
github.com/GuyARoss/orbit/pkg/webwrap/javascript.go:98.16,100.3 1 0
github.com/GuyARoss/orbit/pkg/webwrap/javascript.go:105.69,107.16 2 0
github.com/GuyARoss/orbit/pkg/webwrap/javascript.go:111.2,111.29 1 0
github.com/GuyARoss/orbit/pkg/webwrap/javascript.go:116.2,116.12 1 0
github.com/GuyARoss/orbit/pkg/webwrap/javascript.go:107.16,109.3 1 0
github.com/GuyARoss/orbit/pkg/webwrap/javascript.go:111.29,112.53 1 0
github.com/GuyARoss/orbit/pkg/webwrap/javascript.go:112.53,114.4 1 0
github.com/GuyARoss/orbit/pkg/webwrap/react.go:37.86,38.40 1 3
github.com/GuyARoss/orbit/pkg/webwrap/react.go:43.2,43.71 1 2
github.com/GuyARoss/orbit/pkg/webwrap/react.go:47.2,57.18 3 1
github.com/GuyARoss/orbit/pkg/webwrap/react.go:38.40,40.3 1 1
github.com/GuyARoss/orbit/pkg/webwrap/react.go:43.71,45.3 1 1
github.com/GuyARoss/orbit/pkg/webwrap/react.go:60.77,62.2 1 0
github.com/GuyARoss/orbit/pkg/webwrap/react.go:64.44,66.2 1 0
github.com/GuyARoss/orbit/pkg/webwrap/react.go:68.102,72.27 3 0
github.com/GuyARoss/orbit/pkg/webwrap/react.go:81.2,85.26 2 0
github.com/GuyARoss/orbit/pkg/webwrap/react.go:89.2,91.14 2 0
github.com/GuyARoss/orbit/pkg/webwrap/react.go:73.25,75.82 2 0
github.com/GuyARoss/orbit/pkg/webwrap/react.go:76.24,78.85 2 0
github.com/GuyARoss/orbit/pkg/webwrap/react.go:85.26,87.3 1 0
github.com/GuyARoss/orbit/pkg/webwrap/react.go:94.104,123.2 7 0
github.com/GuyARoss/orbit/pkg/webwrap/react.go:125.69,129.31 2 0
github.com/GuyARoss/orbit/pkg/webwrap/react.go:133.2,136.16 3 0
github.com/GuyARoss/orbit/pkg/webwrap/react.go:140.2,140.12 1 0
github.com/GuyARoss/orbit/pkg/webwrap/react.go:129.31,131.3 1 0
github.com/GuyARoss/orbit/pkg/webwrap/react.go:136.16,138.3 1 0
github.com/GuyARoss/orbit/pkg/webwrap/react.go:143.67,145.16 2 0
github.com/GuyARoss/orbit/pkg/webwrap/react.go:149.2,149.29 1 0
github.com/GuyARoss/orbit/pkg/webwrap/react.go:154.2,154.12 1 0
github.com/GuyARoss/orbit/pkg/webwrap/react.go:145.16,147.3 1 0
github.com/GuyARoss/orbit/pkg/webwrap/react.go:149.29,150.56 1 0
github.com/GuyARoss/orbit/pkg/webwrap/react.go:150.56,152.4 1 0
github.com/GuyARoss/orbit/pkg/webwrap/react.go:157.61,162.2 1 0
github.com/GuyARoss/orbit/pkg/webwrap/react_ssr.go:31.51,108.2 9 0
github.com/GuyARoss/orbit/pkg/webwrap/react_ssr.go:110.85,112.2 1 0
github.com/GuyARoss/orbit/pkg/webwrap/react_ssr.go:114.97,137.2 6 0
github.com/GuyARoss/orbit/pkg/webwrap/react_ssr.go:138.78,150.2 3 0
github.com/GuyARoss/orbit/pkg/webwrap/react_ssr.go:152.70,154.2 1 0
github.com/GuyARoss/orbit/pkg/webwrap/react_ssr.go:156.37,158.2 1 0
github.com/GuyARoss/orbit/pkg/webwrap/react_ssr.go:160.62,162.2 1 0
github.com/GuyARoss/orbit/pkg/webwrap/react_ssr.go:164.60,166.16 2 0
github.com/GuyARoss/orbit/pkg/webwrap/react_ssr.go:170.2,172.29 2 0
github.com/GuyARoss/orbit/pkg/webwrap/react_ssr.go:181.2,181.10 1 0
github.com/GuyARoss/orbit/pkg/webwrap/react_ssr.go:166.16,168.3 1 0
github.com/GuyARoss/orbit/pkg/webwrap/react_ssr.go:172.29,173.52 1 0
github.com/GuyARoss/orbit/pkg/webwrap/react_ssr.go:177.3,177.45 1 0
github.com/GuyARoss/orbit/pkg/webwrap/react_ssr.go:173.52,175.12 2 0
github.com/GuyARoss/orbit/pkg/webwrap/react_ssr.go:177.45,179.4 1 0
github.com/GuyARoss/orbit/pkg/webwrap/wrap.go:44.74,45.23 1 1
github.com/GuyARoss/orbit/pkg/webwrap/wrap.go:51.2,51.12 1 0
github.com/GuyARoss/orbit/pkg/webwrap/wrap.go:45.23,46.46 1 1
github.com/GuyARoss/orbit/pkg/webwrap/wrap.go:46.46,48.4 1 1
github.com/GuyARoss/orbit/pkg/webwrap/wrap.go:54.58,61.41 5 0
github.com/GuyARoss/orbit/pkg/webwrap/wrap.go:67.2,73.19 2 0
github.com/GuyARoss/orbit/pkg/webwrap/wrap.go:83.2,83.17 1 0
github.com/GuyARoss/orbit/pkg/webwrap/wrap.go:61.41,62.17 1 0
github.com/GuyARoss/orbit/pkg/webwrap/wrap.go:62.17,64.4 1 0
github.com/GuyARoss/orbit/pkg/webwrap/wrap.go:73.19,79.3 1 0
github.com/GuyARoss/orbit/pkg/webwrap/wrap.go:79.8,81.3 1 0
github.com/GuyARoss/orbit/pkg/webwrap/wrap.go:142.51,146.2 2 0
github.com/GuyARoss/orbit/pkg/webwrap/wrap.go:148.73,150.25 2 0
github.com/GuyARoss/orbit/pkg/webwrap/wrap.go:193.2,193.19 1 0
github.com/GuyARoss/orbit/pkg/webwrap/wrap.go:150.25,162.17 7 0
github.com/GuyARoss/orbit/pkg/webwrap/wrap.go:169.3,169.37 1 0
github.com/GuyARoss/orbit/pkg/webwrap/wrap.go:190.3,190.66 1 0
github.com/GuyARoss/orbit/pkg/webwrap/wrap.go:162.17,164.12 2 0
github.com/GuyARoss/orbit/pkg/webwrap/wrap.go:169.37,171.18 2 0
github.com/GuyARoss/orbit/pkg/webwrap/wrap.go:176.4,177.18 2 0
github.com/GuyARoss/orbit/pkg/webwrap/wrap.go:182.4,184.18 3 0
github.com/GuyARoss/orbit/pkg/webwrap/wrap.go:171.18,173.13 2 0
github.com/GuyARoss/orbit/pkg/webwrap/wrap.go:177.18,179.13 2 0
github.com/GuyARoss/orbit/pkg/webwrap/wrap.go:184.18,186.13 2 0
